
Server StartedServer StartedNew connection! (57)
Connection 57 sending message "{"userId":"28","msg":"hello","receiver_userid":"987657842","datetime":"Tue Jan 30 2024 19:28:10 GMT+0530 (India Standard Time)","groupId":"","command":"Private"}" to 0 other connections

Deprecated: sprintf(): Passing null to parameter #1 ($format) of type string is deprecated in /var/www/OCL/Prod/ProdChat/src/Chat.php on line 97
Server StartedNew connection! (128)
Connection 128 sending message "{"userId":"987657842","msg":"hii","receiver_userid":"28","datetime":"Tue Jan 30 2024 19:24:49 GMT+0530 (India Standard Time)","groupId":"","command":"Private"}" to 1 other connection
57Connection 128 sending message "{"userId":"987657842","msg":"hello","receiver_userid":"28","datetime":"Tue Jan 30 2024 19:25:02 GMT+0530 (India Standard Time)","groupId":"","command":"Private"}" to 1 other connection
57Connection 128 has disconnected
Connection 57 sending message "{"userId":"28","msg":"heloo","receiver_userid":"987657842","datetime":"Tue Jan 30 2024 19:29:32 GMT+0530 (India Standard Time)","groupId":"","command":"Private"}" to 0 other connections

Deprecated: sprintf(): Passing null to parameter #1 ($format) of type string is deprecated in /var/www/OCL/Prod/ProdChat/src/Chat.php on line 97
Connection 57 sending message "{"userId":"28","msg":"hello","receiver_userid":"987657842","datetime":"Tue Jan 30 2024 19:29:40 GMT+0530 (India Standard Time)","groupId":"","command":"Private"}" to 0 other connections

Deprecated: sprintf(): Passing null to parameter #1 ($format) of type string is deprecated in /var/www/OCL/Prod/ProdChat/src/Chat.php on line 97
Server StartedNew connection! (166)
Connection 166 has disconnected
Connection 57 sending message "{"userId":"28","msg":"hello","receiver_userid":"987657842","datetime":"Tue Jan 30 2024 19:31:35 GMT+0530 (India Standard Time)","groupId":"","command":"Private"}" to 0 other connections

Deprecated: sprintf(): Passing null to parameter #1 ($format) of type string is deprecated in /var/www/OCL/Prod/ProdChat/src/Chat.php on line 97
Connection 57 sending message "{"userId":"28","msg":"1","receiver_userid":"987657842","datetime":"Tue Jan 30 2024 19:31:38 GMT+0530 (India Standard Time)","groupId":"","command":"Private"}" to 0 other connections

Deprecated: sprintf(): Passing null to parameter #1 ($format) of type string is deprecated in /var/www/OCL/Prod/ProdChat/src/Chat.php on line 97
Server StartedNew connection! (183)
Connection 183 sending message "{"userId":"987657842","msg":"hii","receiver_userid":"28","datetime":"Tue Jan 30 2024 19:28:54 GMT+0530 (India Standard Time)","groupId":"","command":"Private"}" to 1 other connection
57Connection 183 sending message "{"userId":"987657842","msg":"ghhh","receiver_userid":"28","datetime":"Tue Jan 30 2024 19:28:57 GMT+0530 (India Standard Time)","groupId":"","command":"Private"}" to 1 other connection
57Connection 183 sending message "{"userId":"987657842","msg":"vu","receiver_userid":"28","datetime":"Tue Jan 30 2024 19:29:01 GMT+0530 (India Standard Time)","groupId":"","command":"Private"}" to 1 other connection
57Connection 183 has disconnected
Connection 57 has disconnected
Server StartedNew connection! (220)
Connection 220 has disconnected
Server StartedNew connection! (232)
Server StartedNew connection! (236)
Connection 236 has disconnected
Server StartedNew connection! (241)
Connection 241 has disconnected
Server StartedNew connection! (246)
Connection 246 sending message "{"userId":"987657842","msg":"hi","receiver_userid":"987657988","datetime":"Wed Jan 31 2024 10:20:59 GMT+0530 (India Standard Time)","groupId":"","command":"Private"}" to 1 other connection
686717Connection 246 sending message "{"userId":"987657842","msg":"hiiii","receiver_userid":"987657988","datetime":"Wed Jan 31 2024 10:21:47 GMT+0530 (India Standard Time)","groupId":"","command":"Private"}" to 1 other connection
686717Server StartedNew connection! (262)
Connection 262 has disconnected
Server StartedNew connection! (267)
Connection 267 has disconnected
Connection 246 has disconnected
Server StartedNew connection! (273)
Connection 273 has disconnected
Server StartedNew connection! (278)
Connection 278 has disconnected
Server StartedNew connection! (283)
Server StartedNew connection! (287)
Connection 283 has disconnected
Server StartedNew connection! (292)
Connection 287 sending message "{"userId":"987658231","msg":"hii","receiver_userid":"28","datetime":"Wed Jan 31 2024 11:54:42 GMT+0530 (India Standard Time)","groupId":"","command":"Private"}" to 2 other connections
292Connection 292 has disconnected
Server StartedNew connection! (307)

Server StartedServer StartedNew connection! (57)
Connection 57 sending message "{"userId":"28","msg":"1","receiver_userid":"987658231","datetime":"Wed Jan 31 2024 12:11:55 GMT+0530 (India Standard Time)","groupId":"","command":"Private"}" to 0 other connections
287Server StartedNew connection! (128)
Connection 57 has disconnected
Server StartedNew connection! (133)
Connection 133 has disconnected
Connection 128 sending message "{"userId":"987658231","msg":"2","receiver_userid":"28","datetime":"Wed Jan 31 2024 12:08:35 GMT+0530 (India Standard Time)","groupId":"","command":"Private"}" to 0 other connections

Deprecated: sprintf(): Passing null to parameter #1 ($format) of type string is deprecated in /var/www/OCL/Prod/ProdChat/src/Chat.php on line 97
Connection 128 sending message "{"userId":"987658231","msg":"3","receiver_userid":"28","datetime":"Wed Jan 31 2024 12:10:18 GMT+0530 (India Standard Time)","groupId":"","command":"Private"}" to 0 other connections

Deprecated: sprintf(): Passing null to parameter #1 ($format) of type string is deprecated in /var/www/OCL/Prod/ProdChat/src/Chat.php on line 97
Connection 128 sending message "{"userId":"987658231","msg":"4","receiver_userid":"28","datetime":"Wed Jan 31 2024 12:10:25 GMT+0530 (India Standard Time)","groupId":"","command":"Private"}" to 0 other connections

Deprecated: sprintf(): Passing null to parameter #1 ($format) of type string is deprecated in /var/www/OCL/Prod/ProdChat/src/Chat.php on line 97
Connection 128 sending message "{"userId":"987658231","msg":"5","receiver_userid":"28","datetime":"Wed Jan 31 2024 12:10:27 GMT+0530 (India Standard Time)","groupId":"","command":"Private"}" to 0 other connections

Deprecated: sprintf(): Passing null to parameter #1 ($format) of type string is deprecated in /var/www/OCL/Prod/ProdChat/src/Chat.php on line 97
Connection 128 sending message "{"userId":"987658231","msg":"6","receiver_userid":"28","datetime":"Wed Jan 31 2024 12:10:29 GMT+0530 (India Standard Time)","groupId":"","command":"Private"}" to 0 other connections

Deprecated: sprintf(): Passing null to parameter #1 ($format) of type string is deprecated in /var/www/OCL/Prod/ProdChat/src/Chat.php on line 97
Connection 128 has disconnected
Server StartedNew connection! (169)
Connection 169 has disconnected
Server StartedNew connection! (174)
Connection 174 has disconnected
Server StartedNew connection! (179)
Connection 179 has disconnected
Server StartedNew connection! (184)
Connection 184 sending message "{"userId":"987658231","msg":"hi","receiver_userid":"28","datetime":"Wed Jan 31 2024 12:17:56 GMT+0530 (India Standard Time)","groupId":"","command":"Private"}" to 0 other connections

Deprecated: sprintf(): Passing null to parameter #1 ($format) of type string is deprecated in /var/www/OCL/Prod/ProdChat/src/Chat.php on line 97
Connection 184 has disconnected
Server StartedNew connection! (195)
Server StartedNew connection! (199)
Connection 195 has disconnected
Server StartedNew connection! (204)
Connection 204 sending message "{"userId":"987658231","msg":"hiii","receiver_userid":"987657852","datetime":"Wed Jan 31 2024 12:47:43 GMT+0530 (India Standard Time)","groupId":"","command":"Private"}" to 1 other connection
199Connection 199 has disconnected
Connection 204 has disconnected
Server StartedNew connection! (220)
Connection 220 has disconnected
Server StartedNew connection! (225)
Connection 225 has disconnected
Server StartedNew connection! (230)
Server StartedNew connection! (234)
Connection 234 sending message "{"userId":"987658231","msg":"good","receiver_userid":"987657852","datetime":"Wed Jan 31 2024 14:29:32 GMT+0530 (India Standard Time)","groupId":"","command":"Private"}" to 1 other connection

Deprecated: sprintf(): Passing null to parameter #1 ($format) of type string is deprecated in /var/www/OCL/Prod/ProdChat/src/Chat.php on line 97
Connection 230 has disconnected
Connection 234 has disconnected
Server StartedNew connection! (246)
Connection 246 has disconnected
Server StartedNew connection! (251)
Connection 251 has disconnected
Server StartedNew connection! (256)
Server StartedNew connection! (260)
Server StartedNew connection! (264)
Server StartedNew connection! (272)
Connection 272 has disconnected
Server StartedNew connection! (279)
Server StartedNew connection! (293)
Connection 293 sending message "{"userId":987657988,"msg":"Hi","receiver_userid":987657842,"datetime":"2024-02-02T05:40:36.838Z","groupId":987657842,"command":"Private"}" to 4 other connections

Deprecated: sprintf(): Passing null to parameter #1 ($format) of type string is deprecated in /var/www/OCL/Prod/ProdChat/src/Chat.php on line 97
Connection 293 has disconnected
Connection 279 has disconnected
Server StartedNew connection! (307)
Connection 307 sending message "{"userId":987657988,"msg":"Hiii","receiver_userid":28,"datetime":"2024-02-02T13:09:40.825Z","groupId":28,"command":"Private"}" to 3 other connections

Deprecated: sprintf(): Passing null to parameter #1 ($format) of type string is deprecated in /var/www/OCL/Prod/ProdChat/src/Chat.php on line 97
Connection 307 has disconnected
Server StartedNew connection! (318)
Connection 318 has disconnected
Server StartedNew connection! (323)
Connection 323 has disconnected
Server StartedNew connection! (328)
Connection 328 sending message "{"userId":987657988,"msg":"Hello","receiver_userid":987657852,"datetime":"2024-02-02T13:10:01.476Z","groupId":987657852,"command":"Private"}" to 3 other connections

Deprecated: sprintf(): Passing null to parameter #1 ($format) of type string is deprecated in /var/www/OCL/Prod/ProdChat/src/Chat.php on line 97
Connection 328 has disconnected
Server StartedNew connection! (339)
Connection 339 has disconnected
Server StartedNew connection! (344)
Server StartedNew connection! (402)
Connection 402 has disconnected
Server StartedNew connection! (407)
Connection 407 sending message "{"userId":28,"msg":"Hello","receiver_userid":987657988,"datetime":"2024-02-05T05:49:35.332Z","groupId":987657988,"command":"Private"}" to 4 other connections
344Server StartedNew connection! (434)
Connection 407 has disconnected
Connection 344 has disconnected
Server StartedNew connection! (440)
Connection 440 has disconnected
Server StartedNew connection! (444)
Connection 444 sending message "{"userId":987657988,"msg":"Hii","receiver_userid":987657852,"datetime":"2024-02-05T06:19:13.117Z","groupId":987657852,"command":"Private"}" to 4 other connections

Deprecated: sprintf(): Passing null to parameter #1 ($format) of type string is deprecated in /var/www/OCL/Prod/ProdChat/src/Chat.php on line 97
Connection 444 sending message "{"userId":987657988,"msg":"Testing","receiver_userid":987657852,"datetime":"2024-02-05T06:19:16.174Z","groupId":987657852,"command":"Private"}" to 4 other connections

Deprecated: sprintf(): Passing null to parameter #1 ($format) of type string is deprecated in /var/www/OCL/Prod/ProdChat/src/Chat.php on line 97
Connection 444 has disconnected
Server StartedNew connection! (462)
Connection 434 has disconnected
Connection 462 has disconnected
Server StartedNew connection! (468)
Connection 468 has disconnected
Server StartedNew connection! (473)
Connection 473 has disconnected
Server StartedNew connection! (478)
Connection 478 sending message "{"userId":987657852,"msg":"Ok","receiver_userid":987657988,"datetime":"2024-02-05T10:06:36.834Z","groupId":987657988,"command":"Private"}" to 3 other connections

Deprecated: sprintf(): Passing null to parameter #1 ($format) of type string is deprecated in /var/www/OCL/Prod/ProdChat/src/Chat.php on line 97
Connection 478 has disconnected
Server StartedNew connection! (489)
Connection 489 has disconnected
Server StartedNew connection! (494)
Connection 494 has disconnected
Server StartedNew connection! (499)
Connection 499 has disconnected
Server StartedNew connection! (504)
Connection 504 has disconnected
Server StartedNew connection! (509)
Connection 509 has disconnected
Server StartedNew connection! (515)
Connection 515 has disconnected
Server StartedNew connection! (535)
Connection 535 has disconnected
Server StartedNew connection! (540)
Server StartedNew connection! (568)
Connection 568 has disconnected
Server StartedNew connection! (574)
Connection 574 has disconnected
Server StartedNew connection! (579)
Connection 579 has disconnected
Server StartedNew connection! (585)
Connection 585 has disconnected
Server StartedNew connection! (590)
Connection 590 has disconnected
Server StartedNew connection! (595)
Server StartedNew connection! (599)
Connection 595 has disconnected
Server StartedNew connection! (604)
Connection 604 has disconnected
Server StartedNew connection! (609)
Connection 599 has disconnected
Server StartedNew connection! (614)
Connection 609 has disconnected
Connection 614 has disconnected
Server StartedNew connection! (622)
Server StartedNew connection! (626)
Connection 626 sending message "{"userId":"987657852","msg":"ty","receiver_userid":"987658210","datetime":"Thu Feb 08 2024 11:03:31 GMT+0530 (India Standard Time)","groupId":"","command":"Private"}" to 5 other connections
622Connection 626 sending message "{"userId":"987657852","msg":"g7","receiver_userid":"987658210","datetime":"Thu Feb 08 2024 11:03:33 GMT+0530 (India Standard Time)","groupId":"","command":"Private"}" to 5 other connections
622Connection 626 sending message "{"userId":"987657852","msg":"g6","receiver_userid":"987658210","datetime":"Thu Feb 08 2024 11:03:34 GMT+0530 (India Standard Time)","groupId":"","command":"Private"}" to 5 other connections
622Connection 626 sending message "{"userId":"987657852","msg":"686","receiver_userid":"987658210","datetime":"Thu Feb 08 2024 11:03:35 GMT+0530 (India Standard Time)","groupId":"","command":"Private"}" to 5 other connections
622Server StartedNew connection! (670)
Connection 626 has disconnected
Connection 622 has disconnected
Connection 670 has disconnected
Server StartedNew connection! (681)
Connection 681 has disconnected
Server StartedNew connection! (704)
Server StartedNew connection! (708)
Connection 704 has disconnected
Server StartedNew connection! (713)
Connection 713 has disconnected
Connection 708 has disconnected
Server StartedNew connection! (722)
Connection 722 sending message "{"userId":987654489,"msg":"Heyloooooo","receiver_userid":987657882,"datetime":"2024-02-10T10:21:32.127Z","groupId":987657882,"command":"Private"}" to 4 other connections

Deprecated: sprintf(): Passing null to parameter #1 ($format) of type string is deprecated in /var/www/OCL/Prod/ProdChat/src/Chat.php on line 97
Connection 722 has disconnected
Server StartedNew connection! (733)
Server StartedNew connection! (773)
Connection 773 has disconnected
Server StartedNew connection! (778)
Server StartedNew connection! (782)
Connection 778 has disconnected
Server StartedNew connection! (787)
Server StartedNew connection! (791)
Connection 791 sending message "{"userId":987658619,"msg":"hii","receiver_userid":987657852,"datetime":"2024-02-12T11:45:58.774Z","groupId":987657852,"command":"Private"}" to 7 other connections
787Server StartedNew connection! (805)
Connection 805 has disconnected
Connection 787 has disconnected
Server StartedNew connection! (811)
Connection 782 has disconnected
Server StartedNew connection! (816)
Connection 816 has disconnected
Server StartedNew connection! (821)
Connection 821 has disconnected
Server StartedNew connection! (826)
Connection 826 has disconnected
Connection 811 has disconnected
Server StartedNew connection! (832)
Server StartedNew connection! (836)
Connection 836 has disconnected
Server StartedNew connection! (841)
Connection 841 has disconnected
Connection 832 has disconnected
Server StartedNew connection! (847)
Connection 847 has disconnected
Server StartedNew connection! (852)
Connection 852 has disconnected
Server StartedNew connection! (857)
Connection 857 has disconnected
Server StartedNew connection! (862)
Connection 862 has disconnected
Server StartedNew connection! (867)
Connection 867 has disconnected
Server StartedNew connection! (872)
Connection 872 has disconnected
Server StartedNew connection! (877)
Connection 877 has disconnected
Server StartedNew connection! (882)
Connection 882 has disconnected
Server StartedNew connection! (887)
Connection 887 has disconnected
Server StartedNew connection! (896)
Server StartedNew connection! (900)
Connection 900 has disconnected
Connection 896 has disconnected
Server StartedNew connection! (906)
Connection 906 has disconnected
Server StartedNew connection! (911)
Server StartedNew connection! (915)
Connection 915 has disconnected
Server StartedNew connection! (920)
Server StartedNew connection! (924)
Connection 924 has disconnected
Server StartedNew connection! (929)
Server StartedNew connection! (933)
Connection 933 has disconnected
Server StartedNew connection! (938)
Connection 938 has disconnected
Server StartedNew connection! (943)
Connection 943 has disconnected
Connection 929 has disconnected
Server StartedNew connection! (949)
Connection 949 has disconnected
Connection 920 has disconnected
Server StartedNew connection! (955)
Connection 955 has disconnected
Server StartedNew connection! (960)
Connection 960 has disconnected
Connection 911 has disconnected
Server StartedNew connection! (970)
Server StartedNew connection! (974)
Server StartedNew connection! (978)
Server StartedNew connection! (982)
Connection 982 has disconnected
Server StartedNew connection! (987)
Connection 987 has disconnected
Connection 978 has disconnected
Server StartedNew connection! (993)
Server StartedNew connection! (997)
Connection 997 has disconnected
Server StartedNew connection! (1002)
Connection 1002 has disconnected
Server StartedNew connection! (1007)
Connection 1007 has disconnected
Connection 993 has disconnected
Server StartedNew connection! (1026)
Server StartedNew connection! (1030)
Connection 1030 has disconnected
Server StartedNew connection! (1035)
Connection 1035 has disconnected
Server StartedNew connection! (1040)
Connection 1040 has disconnected
Server StartedNew connection! (1045)
Connection 1045 has disconnected
Server StartedNew connection! (1050)
Connection 1050 has disconnected
Server StartedNew connection! (1055)
Connection 1055 has disconnected
Server StartedNew connection! (1060)
Connection 1060 has disconnected
Server StartedNew connection! (1065)
Connection 1065 has disconnected
Server StartedNew connection! (1070)
Connection 1070 sending message "{"userId":"987657852","msg":"ncgn","receiver_userid":"987658210","datetime":"Wed Feb 14 2024 16:32:05 GMT+0530 (India Standard Time)","groupId":"","command":"Private"}" to 9 other connections

Deprecated: sprintf(): Passing null to parameter #1 ($format) of type string is deprecated in /var/www/OCL/Prod/ProdChat/src/Chat.php on line 97
Server StartedNew connection! (1080)
Connection 1080 has disconnected
Server StartedNew connection! (1085)
Server StartedNew connection! (1089)
Server StartedNew connection! (1093)
Connection 1093 has disconnected
Server StartedNew connection! (1098)
Server StartedNew connection! (1102)
Connection 1102 has disconnected
Server StartedNew connection! (1107)
Connection 1107 has disconnected
Server StartedNew connection! (1112)
Connection 1112 has disconnected
Server StartedNew connection! (1117)
Connection 1117 has disconnected
Server StartedNew connection! (1122)
Connection 1122 has disconnected
Connection 1098 has disconnected
Server StartedNew connection! (1128)
Connection 1128 has disconnected
Server StartedNew connection! (1133)
Connection 1133 has disconnected
Connection 1089 has disconnected
Connection 1070 has disconnected
Connection 1085 has disconnected
Connection 1026 has disconnected
Server StartedNew connection! (1142)
Connection 1142 has disconnected
Server StartedNew connection! (1147)
Connection 1147 has disconnected
Server StartedNew connection! (1152)
Server StartedNew connection! (1156)
Connection 1156 has disconnected
Connection 1152 has disconnected
Server StartedNew connection! (1167)
Server StartedNew connection! (1171)
Server StartedNew connection! (1175)
Connection 1171 has disconnected
Connection 1167 has disconnected
Connection 1175 has disconnected
Server StartedNew connection! (1185)
Connection 1185 has disconnected
Server StartedNew connection! (1190)
Connection 1190 has disconnected
Server StartedNew connection! (1195)
Connection 1195 has disconnected
Server StartedNew connection! (1200)
Connection 1200 has disconnected
Server StartedNew connection! (1205)
Connection 1205 has disconnected
Server StartedNew connection! (1210)
Connection 1210 has disconnected
Server StartedNew connection! (1215)
Connection 1215 has disconnected
Server StartedNew connection! (1220)
Connection 1220 has disconnected
Server StartedNew connection! (1225)
Connection 1225 has disconnected
Server StartedNew connection! (1230)
Connection 1230 has disconnected
Server StartedNew connection! (1235)
Server StartedNew connection! (1239)
Server StartedNew connection! (1243)
Connection 1243 has disconnected
Server StartedNew connection! (1248)
Connection 1248 has disconnected
Server StartedNew connection! (1253)
Connection 1253 has disconnected
Server StartedNew connection! (1258)
Connection 1258 has disconnected
Connection 1239 has disconnected
Server StartedNew connection! (1264)
Connection 1264 has disconnected
Server StartedNew connection! (1269)
Connection 1269 has disconnected
Server StartedNew connection! (1274)
Connection 1274 has disconnected
Server StartedNew connection! (1279)
Connection 1279 sending message "{"userId":"987658210","msg":"hii","receiver_userid":"28","datetime":"Fri Feb 16 2024 18:56:09 GMT+0530 (India Standard Time)","groupId":"","command":"Private"}" to 9 other connections

Deprecated: sprintf(): Passing null to parameter #1 ($format) of type string is deprecated in /var/www/OCL/Prod/ProdChat/src/Chat.php on line 97
Connection 1279 has disconnected
Server StartedNew connection! (1307)
Connection 1307 has disconnected
Server StartedNew connection! (1312)
Connection 1312 has disconnected
Server StartedNew connection! (1317)
Connection 1317 has disconnected
Server StartedNew connection! (1323)
Connection 1323 has disconnected
Server StartedNew connection! (1328)
Connection 1328 has disconnected
Server StartedNew connection! (1334)
Connection 1334 has disconnected
Server StartedNew connection! (1339)
Server StartedNew connection! (1344)
Connection 1344 has disconnected
Server StartedNew connection! (1355)
Connection 1355 has disconnected
Server StartedNew connection! (1360)
Connection 1360 has disconnected
Server StartedNew connection! (1365)
Connection 1365 has disconnected
Server StartedNew connection! (1370)
Connection 1370 has disconnected
Server StartedNew connection! (1375)
Connection 1375 has disconnected
Server StartedNew connection! (1381)
Connection 1381 has disconnected
Server StartedNew connection! (1386)
Connection 1386 has disconnected
Server StartedNew connection! (1391)
Connection 1391 has disconnected
Server StartedNew connection! (1396)
Server StartedNew connection! (1400)
Connection 1400 has disconnected
Server StartedNew connection! (1405)
Connection 1405 has disconnected
Connection 1396 has disconnected
Server StartedNew connection! (1411)
Connection 1411 has disconnected
Server StartedNew connection! (1416)
Server StartedNew connection! (1420)
Connection 1420 has disconnected
Connection 1416 has disconnected
Server StartedNew connection! (1426)
Connection 1426 has disconnected
Server StartedNew connection! (1431)
Connection 1431 has disconnected
Server StartedNew connection! (1436)
Server StartedNew connection! (1440)
Connection 1436 has disconnected
Server StartedNew connection! (1445)
Connection 1445 has disconnected
Connection 1440 has disconnected
Server StartedNew connection! (1451)
Server StartedNew connection! (1455)
Connection 1455 has disconnected
Server StartedNew connection! (1460)
Connection 1451 sending message "{"userId":"28","msg":"hello","receiver_userid":"28","datetime":"Mon Feb 19 2024 14:22:10 GMT+0530 (India Standard Time)","groupId":"","command":"Private"}" to 11 other connections
1451Connection 1451 sending message "{"userId":"28","msg":"hello sanket","receiver_userid":"28","datetime":"Mon Feb 19 2024 14:22:18 GMT+0530 (India Standard Time)","groupId":"","command":"Private"}" to 11 other connections
1451Server StartedNew connection! (1476)
Connection 1476 sending message "{"userId":"115","msg":"hi","receiver_userid":"28","datetime":"Mon Feb 19 2024 14:22:39 GMT+0530 (India Standard Time)","groupId":"","command":"Private"}" to 12 other connections
1451Connection 1451 has disconnected
Server StartedNew connection! (1491)
Connection 1491 sending message "{"userId":"28","msg":"hello","receiver_userid":"115","datetime":"Mon Feb 19 2024 14:24:51 GMT+0530 (India Standard Time)","groupId":"","command":"Private"}" to 12 other connections
1476Connection 1460 has disconnected
Server StartedNew connection! (1506)
Connection 1476 has disconnected
Connection 1491 sending message "{"userId":"28","msg":"direct msg","receiver_userid":"115","datetime":"Mon Feb 19 2024 14:25:22 GMT+0530 (India Standard Time)","groupId":"","command":"Private"}" to 11 other connections
1506Connection 1506 sending message "{"userId":"115","msg":"direct","receiver_userid":"28","datetime":"Mon Feb 19 2024 14:25:34 GMT+0530 (India Standard Time)","groupId":"","command":"Private"}" to 11 other connections
1491Server StartedNew connection! (1531)
Connection 1531 sending message "{"userId":"115","msg":"hey","receiver_userid":"28","datetime":"Mon Feb 19 2024 14:25:48 GMT+0530 (India Standard Time)","groupId":"","command":"Private"}" to 12 other connections
1491Connection 1491 sending message "{"userId":"28","msg":"yes got it","receiver_userid":"115","datetime":"Mon Feb 19 2024 14:25:59 GMT+0530 (India Standard Time)","groupId":"","command":"Private"}" to 12 other connections
1531Connection 1491 has disconnected
Server StartedNew connection! (1556)
Connection 1531 has disconnected
Server StartedNew connection! (1561)
Connection 1506 has disconnected
Server StartedNew connection! (1566)
Connection 1566 has disconnected
Server StartedNew connection! (1571)
Connection 1571 has disconnected
Server StartedNew connection! (1576)
Connection 1556 has disconnected
Connection 1576 has disconnected
Server StartedNew connection! (1582)
Connection 1582 has disconnected
Connection 1561 has disconnected
Server StartedNew connection! (1588)
Connection 1588 has disconnected
Server StartedNew connection! (1594)
Connection 1594 has disconnected
Server StartedNew connection! (1599)
Server StartedNew connection! (1603)
Connection 1603 has disconnected
Server StartedNew connection! (1608)
Server StartedNew connection! (1612)
Connection 1612 has disconnected
Connection 1608 has disconnected
Server StartedNew connection! (1618)
Connection 1599 sending message "{"userId":"115","msg":"hi","receiver_userid":"115","datetime":"Mon Feb 19 2024 14:49:57 GMT+0530 (India Standard Time)","groupId":"","command":"Private"}" to 11 other connections

Deprecated: sprintf(): Passing null to parameter #1 ($format) of type string is deprecated in /var/www/OCL/Prod/ProdChat/src/Chat.php on line 97
Connection 1599 has disconnected
Server StartedNew connection! (1629)
Connection 1629 has disconnected
Server StartedNew connection! (1634)
Connection 1618 has disconnected
Connection 1634 has disconnected
Server StartedNew connection! (1640)
Connection 1640 has disconnected
Server StartedNew connection! (1645)
Server StartedNew connection! (1649)
Connection 1645 has disconnected
Server StartedNew connection! (1654)
Connection 1654 has disconnected
Server StartedNew connection! (1659)
Server StartedNew connection! (1663)
Connection 1663 has disconnected
Server StartedNew connection! (1668)
Connection 1668 has disconnected
Connection 1649 sending message "{"userId":"28","msg":"hello","receiver_userid":"248","datetime":"Mon Feb 19 2024 14:59:40 GMT+0530 (India Standard Time)","groupId":"248","command":"Group"}" to 11 other connections

Warning: Undefined variable $timestamp in /var/www/OCL/Prod/ProdChat/src/Chat.php on line 176

Warning: Undefined variable $receiver_user_data in /var/www/OCL/Prod/ProdChat/src/Chat.php on line 243

Warning: Trying to access array offset on value of type null in /var/www/OCL/Prod/ProdChat/src/Chat.php on line 243
Connection 1659 sending message "{"userId":"115","msg":"hi","receiver_userid":"248","datetime":"Mon Feb 19 2024 14:59:46 GMT+0530 (India Standard Time)","groupId":"248","command":"Group"}" to 11 other connections

Warning: Undefined variable $timestamp in /var/www/OCL/Prod/ProdChat/src/Chat.php on line 176

Warning: Undefined variable $receiver_user_data in /var/www/OCL/Prod/ProdChat/src/Chat.php on line 243

Warning: Trying to access array offset on value of type null in /var/www/OCL/Prod/ProdChat/src/Chat.php on line 243
Connection 1659 has disconnected
Server StartedNew connection! (1686)
Connection 1649 has disconnected
Server StartedNew connection! (1691)
Connection 1691 has disconnected
Server StartedNew connection! (1696)
Connection 1686 has disconnected
Connection 1696 has disconnected
Server StartedNew connection! (1702)
Connection 1702 has disconnected
Server StartedNew connection! (1707)
Connection 1707 has disconnected
Server StartedNew connection! (1712)
Connection 1712 has disconnected
Connection 733 has disconnected
Connection 791 has disconnected
Connection 1339 has disconnected
Connection 256 has disconnected
Connection 970 has disconnected
Connection 974 has disconnected
Connection 1235 has disconnected
Connection 260 has disconnected
Connection 264 has disconnected
Connection 540 has disconnected
Server StartedNew connection! (1727)
Connection 1727 has disconnected
Server StartedNew connection! (1732)
Server StartedNew connection! (1736)
Connection 1736 has disconnected
Connection 1732 has disconnected
Server StartedNew connection! (1742)
Connection 1742 has disconnected
Server StartedNew connection! (1747)
Connection 1747 has disconnected
Server StartedNew connection! (1752)
Connection 1752 has disconnected
Server StartedNew connection! (1757)
Connection 1757 has disconnected
Server StartedNew connection! (1762)
Connection 1762 has disconnected
Server StartedNew connection! (1767)
Connection 1767 has disconnected
Server StartedNew connection! (1772)
Server StartedNew connection! (1776)
Connection 1772 has disconnected
Server StartedNew connection! (1781)
Connection 1781 sending message "{"userId":"114","msg":"HII","receiver_userid":"28","datetime":"Mon Feb 19 2024 17:38:41 GMT+0530 (India Standard Time)","groupId":"","command":"Private"}" to 1 other connection
1776Connection 1781 sending message "{"userId":"114","msg":"good evening","receiver_userid":"28","datetime":"Mon Feb 19 2024 17:38:46 GMT+0530 (India Standard Time)","groupId":"","command":"Private"}" to 1 other connection
1776Connection 1781 has disconnected
Server StartedNew connection! (1806)
Connection 1806 has disconnected
Server StartedNew connection! (1811)
Server StartedNew connection! (1815)
Connection 1811 has disconnected
Server StartedNew connection! (1820)
Connection 1820 sending message "{"userId":"114","msg":"hii","receiver_userid":"125","datetime":"Mon Feb 19 2024 17:41:38 GMT+0530 (India Standard Time)","groupId":"","command":"Private"}" to 2 other connections
1815Connection 1820 has disconnected
Server StartedNew connection! (1835)
Connection 1835 has disconnected
Connection 1776 has disconnected
Connection 1815 has disconnected
Server StartedNew connection! (1842)
Connection 1842 has disconnected
Server StartedNew connection! (1847)
Connection 1847 has disconnected
Server StartedNew connection! (1852)
Connection 1852 has disconnected
Server StartedNew connection! (1879)
Connection 1879 has disconnected
Server StartedNew connection! (1884)
Connection 1884 has disconnected
Server StartedNew connection! (1889)
Connection 1889 has disconnected
Server StartedNew connection! (1894)
Connection 1894 has disconnected
Server StartedNew connection! (1899)
Server StartedNew connection! (1903)
Connection 1903 has disconnected
Server StartedNew connection! (1908)
Server StartedNew connection! (1912)
Connection 1908 has disconnected
Server StartedNew connection! (1917)
Server StartedNew connection! (1921)
Connection 1917 has disconnected
Server StartedNew connection! (1926)
Connection 1921 sending message "{"userId":"125","msg":"625","receiver_userid":"155","datetime":"Tue Feb 20 2024 14:30:04 GMT+0530 (India Standard Time)","groupId":"","command":"Private"}" to 3 other connections
1926Connection 1912 has disconnected
Connection 1921 has disconnected
Server StartedNew connection! (1942)
Connection 1942 has disconnected
Server StartedNew connection! (1947)
Connection 1947 has disconnected
Server StartedNew connection! (1952)
Server StartedNew connection! (1956)
Connection 1956 has disconnected
Server StartedNew connection! (1961)
Connection 1961 has disconnected
Connection 1899 has disconnected
Server StartedNew connection! (1967)
Connection 1967 has disconnected
Server StartedNew connection! (1972)
Server StartedNew connection! (1976)
Server StartedNew connection! (1980)
Connection 1976 sending message "{"userId":"28","msg":"Hello sir ","receiver_userid":"27","datetime":"Tue Feb 20 2024 22:03:24 GMT+0530 (India Standard Time)","groupId":"","command":"Private"}" to 4 other connections
1980Connection 1980 has disconnected
Server StartedNew connection! (1995)
Connection 1995 sending message "{"userId":27,"msg":"Hi","receiver_userid":28,"datetime":"2024-02-20T16:33:45.662Z","groupId":28,"command":"Private"}" to 4 other connections
1976Connection 1995 has disconnected
Connection 1972 has disconnected
Connection 1976 has disconnected
Server StartedNew connection! (2012)
Connection 2012 has disconnected
Server StartedNew connection! (2026)
Connection 2026 has disconnected
Server StartedNew connection! (2031)
Connection 2031 has disconnected
Server StartedNew connection! (2036)
Connection 2036 sending message "{"userId":168,"msg":"Hi","receiver_userid":9,"datetime":"2024-02-21T02:40:24.124Z","groupId":9,"command":"Private"}" to 2 other connections

Deprecated: sprintf(): Passing null to parameter #1 ($format) of type string is deprecated in /var/www/OCL/Prod/ProdChat/src/Chat.php on line 97
Connection 2036 has disconnected
Server StartedNew connection! (2047)
Connection 2047 has disconnected
Server StartedNew connection! (2052)
Connection 2052 has disconnected
Server StartedNew connection! (2061)
Server StartedNew connection! (2065)
Connection 2065 has disconnected
Server StartedNew connection! (2070)
Connection 2070 has disconnected
Server StartedNew connection! (2075)
Connection 2075 has disconnected
Server StartedNew connection! (2080)
Connection 2080 has disconnected
Server StartedNew connection! (2084)
Connection 2084 has disconnected
Server StartedNew connection! (2089)
Connection 2089 has disconnected
Server StartedNew connection! (2095)
Connection 2095 has disconnected
Server StartedNew connection! (2100)
Connection 2100 has disconnected
Server StartedNew connection! (2105)
Connection 2105 sending message "{"userId":125,"msg":"Hello","receiver_userid":114,"datetime":"2024-02-21T04:58:41.394Z","groupId":114,"command":"Private"}" to 3 other connections
2061Connection 2105 sending message "{"userId":125,"msg":"Testing from mobile","receiver_userid":114,"datetime":"2024-02-21T04:58:48.723Z","groupId":114,"command":"Private"}" to 3 other connections
2061Server StartedNew connection! (2129)
Connection 2129 sending message "{"userId":190,"msg":"Hi","receiver_userid":9,"datetime":"2024-02-21T04:59:00.472Z","groupId":9,"command":"Private"}" to 4 other connections

Deprecated: sprintf(): Passing null to parameter #1 ($format) of type string is deprecated in /var/www/OCL/Prod/ProdChat/src/Chat.php on line 97
Connection 2105 has disconnected
Connection 2129 has disconnected
Connection 2061 has disconnected
Server StartedNew connection! (2142)
Connection 2142 has disconnected
Server StartedNew connection! (2148)
Connection 2148 has disconnected
Server StartedNew connection! (2153)
Connection 2153 has disconnected
Server StartedNew connection! (2159)
Connection 2159 has disconnected
Server StartedNew connection! (2164)
Connection 2164 has disconnected
Server StartedNew connection! (2169)
Connection 2169 has disconnected
Server StartedNew connection! (2174)
Connection 2174 has disconnected
Server StartedNew connection! (2179)
Connection 2179 has disconnected
Server StartedNew connection! (2184)
Connection 2184 has disconnected
Server StartedNew connection! (2189)
Connection 2189 has disconnected
Server StartedNew connection! (2194)
Connection 2194 has disconnected
Server StartedNew connection! (2199)
Connection 2199 has disconnected
Server StartedNew connection! (2204)
Connection 2204 has disconnected
Server StartedNew connection! (2209)
Connection 2209 has disconnected
Server StartedNew connection! (2214)
Connection 2214 has disconnected
Server StartedNew connection! (2219)
Server StartedNew connection! (2223)
Connection 2223 sending message "{"userId":"114","msg":"good morning sir","receiver_userid":"28","datetime":"Wed Feb 21 2024 11:45:21 GMT+0530 (India Standard Time)","groupId":"","command":"Private"}" to 3 other connections
2219Connection 2219 has disconnected
Server StartedNew connection! (2238)
Connection 2238 has disconnected
Server StartedNew connection! (2243)
Connection 2243 has disconnected
Server StartedNew connection! (2248)
Connection 2248 has disconnected
Server StartedNew connection! (2253)
Connection 2253 has disconnected
Connection 2223 has disconnected
Server StartedNew connection! (2259)
Connection 2259 has disconnected
Server StartedNew connection! (2264)
Connection 2264 has disconnected
Server StartedNew connection! (2269)
Connection 2269 has disconnected
Server StartedNew connection! (2274)
Connection 2274 has disconnected
Server StartedNew connection! (2279)
Connection 2279 has disconnected
Server StartedNew connection! (2284)
Connection 2284 has disconnected
Server StartedNew connection! (2290)
Connection 2290 has disconnected
Server StartedNew connection! (2295)
Connection 2295 has disconnected
Server StartedNew connection! (2300)
Connection 2300 has disconnected
Server StartedNew connection! (2305)
Connection 2305 has disconnected
Server StartedNew connection! (2310)
Server StartedNew connection! (2314)
Connection 2314 has disconnected
Connection 2310 has disconnected
Server StartedNew connection! (2320)
Server StartedNew connection! (2324)
Connection 2324 has disconnected
Server StartedNew connection! (2329)
Connection 2329 has disconnected
Connection 2320 has disconnected
Server StartedNew connection! (2335)
Connection 2335 has disconnected
Server StartedNew connection! (2340)
Server StartedNew connection! (2344)
Connection 2340 has disconnected
Connection 2344 has disconnected
Server StartedNew connection! (2350)
Connection 2350 has disconnected
Server StartedNew connection! (2355)
Connection 2355 has disconnected
Server StartedNew connection! (2360)
Connection 2360 has disconnected
Server StartedNew connection! (2365)
Connection 2365 has disconnected
Server StartedNew connection! (2370)
Connection 2370 has disconnected
Server StartedNew connection! (2386)
Connection 2386 sending message "{"userId":"114","msg":"hi","receiver_userid":"125","datetime":"Thu Feb 22 2024 10:04:16 GMT+0530 (India Standard Time)","groupId":"","command":"Private"}" to 2 other connections

Deprecated: sprintf(): Passing null to parameter #1 ($format) of type string is deprecated in /var/www/OCL/Prod/ProdChat/src/Chat.php on line 97
Server StartedNew connection! (2396)
Connection 2396 has disconnected
Server StartedNew connection! (2401)
Connection 2401 has disconnected
Server StartedNew connection! (2406)
Connection 2406 has disconnected
Server StartedNew connection! (2411)
Connection 2411 has disconnected
Server StartedNew connection! (2416)
Connection 2416 has disconnected
Server StartedNew connection! (2421)
Connection 2421 has disconnected
Server StartedNew connection! (2426)
Connection 2426 has disconnected
Server StartedNew connection! (2431)
Connection 2386 has disconnected
Server StartedNew connection! (2436)
Connection 2436 has disconnected
Server StartedNew connection! (2441)
Connection 2441 sending message "{"userId":"114","msg":"hiii","receiver_userid":"28","datetime":"Thu Feb 22 2024 11:01:31 GMT+0530 (India Standard Time)","groupId":"","command":"Private"}" to 3 other connections
2431Connection 2431 sending message "{"userId":"28","msg":"hi","receiver_userid":"114","datetime":"Thu Feb 22 2024 11:06:05 GMT+0530 (India Standard Time)","groupId":"","command":"Private"}" to 3 other connections
2441Connection 2441 has disconnected
Server StartedNew connection! (2466)
Server StartedNew connection! (2470)
Connection 2470 has disconnected
Connection 2431 has disconnected
Connection 2466 has disconnected
Server StartedNew connection! (2477)
Server StartedNew connection! (2481)
Connection 2481 has disconnected
Connection 2477 has disconnected
Server StartedNew connection! (2487)
Connection 2487 has disconnected
Server StartedNew connection! (2492)
Connection 2492 has disconnected
Server StartedNew connection! (2497)
Connection 2497 has disconnected
Server StartedNew connection! (2502)
Connection 2502 has disconnected
Server StartedNew connection! (2507)
Connection 2507 has disconnected
Server StartedNew connection! (2512)
Connection 2512 has disconnected
Server StartedNew connection! (2517)
Connection 2517 has disconnected
Server StartedNew connection! (2565)
Connection 2565 has disconnected
Server StartedNew connection! (2570)
Connection 2570 has disconnected
Server StartedNew connection! (2575)
Connection 2575 has disconnected
Server StartedNew connection! (2580)
Connection 2580 has disconnected
Server StartedNew connection! (2585)
Connection 2585 has disconnected
Server StartedNew connection! (2590)
Server StartedNew connection! (2594)
Connection 2590 has disconnected
Server StartedNew connection! (2599)
Connection 2599 sending message "{"userId":"195","msg":"hi ","receiver_userid":"114","datetime":"Fri Feb 23 2024 10:48:51 GMT+0530 (India Standard Time)","groupId":"","command":"Private"}" to 3 other connections
2594Connection 2599 has disconnected
Server StartedNew connection! (2614)
Connection 2614 has disconnected
Server StartedNew connection! (2619)
Connection 2619 has disconnected
Connection 2594 has disconnected
Server StartedNew connection! (2625)
Connection 2625 has disconnected
Server StartedNew connection! (2630)
Server StartedNew connection! (2634)
Connection 2634 has disconnected
Server StartedNew connection! (2639)
Connection 2639 has disconnected
Connection 2630 has disconnected
Server StartedNew connection! (2645)
Connection 2645 has disconnected
Server StartedNew connection! (2650)
Connection 2650 has disconnected
Server StartedNew connection! (2655)
Server StartedNew connection! (2659)
Connection 2659 has disconnected
Connection 2655 has disconnected
Server StartedNew connection! (2665)
Server StartedNew connection! (2669)
Connection 2669 has disconnected
Server StartedNew connection! (2674)
Connection 2674 has disconnected
Server StartedNew connection! (2679)
Connection 2679 has disconnected
Server StartedNew connection! (2684)
Connection 2684 has disconnected
Server StartedNew connection! (2689)
Connection 2689 has disconnected
Server StartedNew connection! (2694)
Connection 2694 has disconnected
Connection 2665 has disconnected
Server StartedNew connection! (2700)
Connection 2700 has disconnected
Server StartedNew connection! (2705)
Connection 2705 has disconnected
Server StartedNew connection! (2710)
Connection 2710 has disconnected
Server StartedNew connection! (2715)
Connection 2715 has disconnected
Server StartedNew connection! (2720)
Server StartedNew connection! (2724)
Connection 2724 has disconnected
Server StartedNew connection! (2729)
Connection 2729 has disconnected
Connection 2720 has disconnected
